<?xml version="1.0" encoding="UTF-8"?>
<!-- Generated by org.testng.reporters.JUnitReportReporter -->
<testsuite skipped="1" hostname="DESKTOP-VNJV7O5" name="com.retail.testsuite.Retail_TestCase" tests="2" failures="0" timestamp="2020-06-23T11:33:20 IST" time="16.371" errors="0">
  <testcase name="addMultipleCategories" time="16.371" classname="com.retail.testsuite.Retail_TestCase"/>
  <testcase name="verifyProductAdded" classname="com.retail.testsuite.Retail_TestCase">
    <skipped/>
  </testcase> <!-- verifyProductAdded -->
</testsuite> <!-- com.retail.testsuite.Retail_TestCase -->
