<?xml version="1.0" encoding="UTF-8"?>
<!-- Generated by org.testng.reporters.JUnitReportReporter -->
<testsuite skipped="1" hostname="DESKTOP-VNJV7O5" name="com.retail.testsuite.Retail_TestCase" tests="2" failures="0" timestamp="2020-06-26T22:05:01 IST" time="33.712" errors="0">
  <testcase name="verifyProductAdded" time="33.712" classname="com.retail.testsuite.Retail_TestCase"/>
  <testcase name="addMultipleCategories" classname="com.retail.testsuite.Retail_TestCase">
    <skipped/>
  </testcase> <!-- addMultipleCategories -->
</testsuite> <!-- com.retail.testsuite.Retail_TestCase -->
